<?xml version="1.0" encoding="UTF-8"?>
<!-- Generated by org.testng.reporters.JUnitReportReporter -->
<testsuite hostname="DESKTOP-FICHO8O" failures="0" tests="3" name="com.application" time="7.663" errors="0" timestamp="2022-10-12T10:04:54 IST" skipped="0">
  <testcase classname="com.application" name="loadtime" time="0.999"/>
  <system-out/>
  <testcase classname="com.application" name="search" time="3.497"/>
  <system-out/>
  <testcase classname="com.application" name="scroll" time="3.167"/>
  <system-out/>
</testsuite> <!-- com.application -->
